This is pdfTeX, Version 3.14159265-2.6-1.40.16 (TeX Live 2015/Debian) (preloaded format=pdflatex 2018.9.28)  28 SEP 2018 21:17
entering extended mode
 restricted \write18 enabled.
 %&-line parsing enabled.
**problem.tex
(./problem.tex
LaTeX2e <2016/02/01>
Babel <3.9q> and hyphenation patterns for 5 language(s) loaded.
! Undefined control sequence.
l.1 \CWHeader
             {–õ–∞–±–æ—Ä–∞—Ç–æ—Ä–Ω–∞—è —Ä–∞–±–æ—Ç–∞ \textnumero 1}
The control sequence at the end of the top line
of your error message was never \def'ed. If you have
misspelled it (e.g., `\hobx'), type `I' and the correct
spelling (e.g., `I\hbox'). Otherwise just continue,
and I'll forget about whatever was undefined.


! LaTeX Error: Missing \begin{document}.

See the LaTeX manual or LaTeX Companion for explanation.
Type  H <return>  for immediate help.
 ...                                              
                                                  
l.1 \CWHeader{–
               õ–∞–±–æ—Ä–∞—Ç–æ—Ä–Ω–∞—è —Ä–∞–±–æ—Ç–∞ \textnumero 1}
You're in trouble here.  Try typing  <return>  to proceed.
If that doesn't work, type  X <return>  to quit.

Missing character: There is no – in font nullfont!
Missing character: There is no õ in font nullfont!
Missing character: There is no – in font nullfont!
Missing character: There is no ∞ in font nullfont!
Missing character: There is no – in font nullfont!
Missing character: There is no ± in font nullfont!
Missing character: There is no – in font nullfont!
Missing character: There is no æ in font nullfont!
Missing character: There is no — in font nullfont!
Missing character: There is no Ä in font nullfont!
Missing character: There is no – in font nullfont!
Missing character: There is no ∞ in font nullfont!
Missing character: There is no — in font nullfont!
Missing character: There is no Ç in font nullfont!
Missing character: There is no – in font nullfont!
Missing character: There is no æ in font nullfont!
Missing character: There is no — in font nullfont!
Missing character: There is no Ä in font nullfont!
Missing character: There is no – in font nullfont!
Missing character: There is no Ω in font nullfont!
Missing character: There is no – in font nullfont!
Missing character: There is no ∞ in font nullfont!
Missing character: There is no — in font nullfont!
Missing character: There is no è in font nullfont!
Missing character: There is no — in font nullfont!
Missing character: There is no Ä in font nullfont!
Missing character: There is no – in font nullfont!
Missing character: There is no ∞ in font nullfont!
Missing character: There is no – in font nullfont!
Missing character: There is no ± in font nullfont!
Missing character: There is no – in font nullfont!
Missing character: There is no æ in font nullfont!
Missing character: There is no — in font nullfont!
Missing character: There is no Ç in font nullfont!
Missing character: There is no – in font nullfont!
Missing character: There is no ∞ in font nullfont!
! Undefined control sequence.
l.1 ...–æ—Ä–∞—Ç–æ—Ä–Ω–∞—è —Ä–∞–±–æ—Ç–∞ \textnumero
                                                   1}
The control sequence at the end of the top line
of your error message was never \def'ed. If you have
misspelled it (e.g., `\hobx'), type `I' and the correct
spelling (e.g., `I\hbox'). Otherwise just continue,
and I'll forget about whatever was undefined.

Missing character: There is no 1 in font nullfont!

Overfull \hbox (20.0pt too wide) in paragraph at lines 1--2
[]
 []

! Undefined control sequence.
l.3 \CWProblem
              {
The control sequence at the end of the top line
of your error message was never \def'ed. If you have
misspelled it (e.g., `\hobx'), type `I' and the correct
spelling (e.g., `I\hbox'). Otherwise just continue,
and I'll forget about whatever was undefined.


! LaTeX Error: Missing \begin{document}.

See the LaTeX manual or LaTeX Companion for explanation.
Type  H <return>  for immediate help.
 ...                                              
                                                  
l.4 –
     ¢—Ä–µ–±—É–µ—Ç—Å—è —Ä–∞–∑—Ä–∞–±–æ—Ç–∞—Ç—å –ø—Ä–æ–≥—Ä–∞–º–º—É, –æ—Å—É—â–µ...

You're in trouble here.  Try typing  <return>  to proceed.
If that doesn't work, type  X <return>  to quit.

Missing character: There is no – in font nullfont!
Missing character: There is no ¢ in font nullfont!
Missing character: There is no — in font nullfont!
Missing character: There is no Ä in font nullfont!
Missing character: There is no – in font nullfont!
Missing character: There is no µ in font nullfont!
Missing character: There is no – in font nullfont!
Missing character: There is no ± in font nullfont!
Missing character: There is no — in font nullfont!
Missing character: There is no É in font nullfont!
Missing character: There is no – in font nullfont!
Missing character: There is no µ in font nullfont!
Missing character: There is no — in font nullfont!
Missing character: There is no Ç in font nullfont!
Missing character: There is no — in font nullfont!
Missing character: There is no Å in font nullfont!
Missing character: There is no — in font nullfont!
Missing character: There is no è in font nullfont!
Missing character: There is no — in font nullfont!
Missing character: There is no Ä in font nullfont!
Missing character: There is no – in font nullfont!
Missing character: There is no ∞ in font nullfont!
Missing character: There is no – in font nullfont!
Missing character: There is no ∑ in font nullfont!
Missing character: There is no — in font nullfont!
Missing character: There is no Ä in font nullfont!
Missing character: There is no – in font nullfont!
Missing character: There is no ∞ in font nullfont!
Missing character: There is no – in font nullfont!
Missing character: There is no ± in font nullfont!
Missing character: There is no – in font nullfont!
Missing character: There is no æ in font nullfont!
Missing character: There is no — in font nullfont!
Missing character: There is no Ç in font nullfont!
Missing character: There is no – in font nullfont!
Missing character: There is no ∞ in font nullfont!
Missing character: There is no — in font nullfont!
Missing character: There is no Ç in font nullfont!
Missing character: There is no — in font nullfont!
Missing character: There is no å in font nullfont!
Missing character: There is no – in font nullfont!
Missing character: There is no ø in font nullfont!
Missing character: There is no — in font nullfont!
Missing character: There is no Ä in font nullfont!
Missing character: There is no – in font nullfont!
Missing character: There is no æ in font nullfont!
Missing character: There is no – in font nullfont!
Missing character: There is no ≥ in font nullfont!
Missing character: There is no — in font nullfont!
Missing character: There is no Ä in font nullfont!
Missing character: There is no – in font nullfont!
Missing character: There is no ∞ in font nullfont!
Missing character: There is no – in font nullfont!
Missing character: There is no º in font nullfont!
Missing character: There is no – in font nullfont!
Missing character: There is no º in font nullfont!
Missing character: There is no — in font nullfont!
Missing character: There is no É in font nullfont!
Missing character: There is no , in font nullfont!
Missing character: There is no – in font nullfont!
Missing character: There is no æ in font nullfont!
Missing character: There is no — in font nullfont!
Missing character: There is no Å in font nullfont!
Missing character: There is no — in font nullfont!
Missing character: There is no É in font nullfont!
Missing character: There is no — in font nullfont!
Missing character: There is no â in font nullfont!
Missing character: There is no – in font nullfont!
Missing character: There is no µ in font nullfont!
Missing character: There is no — in font nullfont!
Missing character: There is no Å in font nullfont!
Missing character: There is no — in font nullfont!
Missing character: There is no Ç in font nullfont!
Missing character: There is no – in font nullfont!
Missing character: There is no ≤ in font nullfont!
Missing character: There is no – in font nullfont!
Missing character: There is no ª in font nullfont!
Missing character: There is no — in font nullfont!
Missing character: There is no è in font nullfont!
Missing character: There is no — in font nullfont!
Missing character: There is no é in font nullfont!
Missing character: There is no — in font nullfont!
Missing character: There is no â in font nullfont!
Missing character: There is no — in font nullfont!
Missing character: There is no É in font nullfont!
Missing character: There is no — in font nullfont!
Missing character: There is no é in font nullfont!
Missing character: There is no – in font nullfont!
Missing character: There is no ≤ in font nullfont!
Missing character: There is no – in font nullfont!
Missing character: There is no ≤ in font nullfont!
Missing character: There is no – in font nullfont!
Missing character: There is no æ in font nullfont!
Missing character: There is no – in font nullfont!
Missing character: There is no ¥ in font nullfont!
Missing character: There is no – in font nullfont!
Missing character: There is no ø in font nullfont!
Missing character: There is no – in font nullfont!
Missing character: There is no ∞ in font nullfont!
Missing character: There is no — in font nullfont!
Missing character: There is no Ä in font nullfont!
! Undefined control sequence.
l.4 ...—Å—Ç–≤–ª—è—é—â—É—é –≤–≤–æ–¥ –ø–∞—Ä \enquote
                                                  {–∫–ª—é—á-–∑–Ω–∞—á–µ–Ω–∏–µ...
The control sequence at the end of the top line
of your error message was never \def'ed. If you have
misspelled it (e.g., `\hobx'), type `I' and the correct
spelling (e.g., `I\hbox'). Otherwise just continue,
and I'll forget about whatever was undefined.

Missing character: There is no – in font nullfont!
Missing character: There is no ∫ in font nullfont!
Missing character: There is no – in font nullfont!
Missing character: There is no ª in font nullfont!
Missing character: There is no — in font nullfont!
Missing character: There is no é in font nullfont!
Missing character: There is no — in font nullfont!
Missing character: There is no á in font nullfont!
Missing character: There is no - in font nullfont!
Missing character: There is no – in font nullfont!
Missing character: There is no ∑ in font nullfont!
Missing character: There is no – in font nullfont!
Missing character: There is no Ω in font nullfont!
Missing character: There is no – in font nullfont!
Missing character: There is no ∞ in font nullfont!
Missing character: There is no — in font nullfont!
Missing character: There is no á in font nullfont!
Missing character: There is no – in font nullfont!
Missing character: There is no µ in font nullfont!
Missing character: There is no – in font nullfont!
Missing character: There is no Ω in font nullfont!
Missing character: There is no – in font nullfont!
Missing character: There is no ∏ in font nullfont!
Missing character: There is no – in font nullfont!
Missing character: There is no µ in font nullfont!
Missing character: There is no , in font nullfont!
Missing character: There is no – in font nullfont!
Missing character: There is no ∏ in font nullfont!
Missing character: There is no — in font nullfont!
Missing character: There is no Ö in font nullfont!
Missing character: There is no — in font nullfont!
Missing character: There is no É in font nullfont!
Missing character: There is no – in font nullfont!
Missing character: There is no ø in font nullfont!
Missing character: There is no – in font nullfont!
Missing character: There is no æ in font nullfont!
Missing character: There is no — in font nullfont!
Missing character: There is no Ä in font nullfont!
Missing character: There is no — in font nullfont!
Missing character: There is no è in font nullfont!
Missing character: There is no – in font nullfont!
Missing character: There is no ¥ in font nullfont!
Missing character: There is no – in font nullfont!
Missing character: There is no æ in font nullfont!
Missing character: There is no — in font nullfont!
Missing character: There is no á in font nullfont!
Missing character: There is no – in font nullfont!
Missing character: There is no ∏ in font nullfont!
Missing character: There is no – in font nullfont!
Missing character: There is no ≤ in font nullfont!
Missing character: There is no – in font nullfont!
Missing character: There is no ∞ in font nullfont!
Missing character: There is no – in font nullfont!
Missing character: There is no Ω in font nullfont!
Missing character: There is no – in font nullfont!
Missing character: There is no ∏ in font nullfont!
Missing character: There is no – in font nullfont!
Missing character: There is no µ in font nullfont!
Missing character: There is no – in font nullfont!
Missing character: There is no ø in font nullfont!
Missing character: There is no – in font nullfont!
Missing character: There is no æ in font nullfont!
Missing character: There is no – in font nullfont!
Missing character: There is no ≤ in font nullfont!
Missing character: There is no – in font nullfont!
Missing character: There is no æ in font nullfont!
Missing character: There is no – in font nullfont!
Missing character: There is no ∑ in font nullfont!
Missing character: There is no — in font nullfont!
Missing character: There is no Ä in font nullfont!
Missing character: There is no – in font nullfont!
Missing character: There is no ∞ in font nullfont!
Missing character: There is no — in font nullfont!
Missing character: There is no Å in font nullfont!
Missing character: There is no — in font nullfont!
Missing character: There is no Ç in font nullfont!
Missing character: There is no – in font nullfont!
Missing character: There is no ∞ in font nullfont!
Missing character: There is no – in font nullfont!
Missing character: There is no Ω in font nullfont!
Missing character: There is no – in font nullfont!
Missing character: There is no ∏ in font nullfont!
Missing character: There is no — in font nullfont!
Missing character: There is no é in font nullfont!
Missing character: There is no – in font nullfont!
Missing character: There is no ∫ in font nullfont!
Missing character: There is no – in font nullfont!
Missing character: There is no ª in font nullfont!
Missing character: There is no — in font nullfont!
Missing character: There is no é in font nullfont!
Missing character: There is no — in font nullfont!
Missing character: There is no á in font nullfont!
Missing character: There is no – in font nullfont!
Missing character: There is no ∞ in font nullfont!
Missing character: There is no — in font nullfont!
Missing character: There is no É in font nullfont!
Missing character: There is no – in font nullfont!
Missing character: There is no ∫ in font nullfont!
Missing character: There is no – in font nullfont!
Missing character: There is no ∞ in font nullfont!
Missing character: There is no – in font nullfont!
Missing character: There is no ∑ in font nullfont!
Missing character: There is no – in font nullfont!
Missing character: There is no ∞ in font nullfont!
Missing character: There is no – in font nullfont!
Missing character: There is no Ω in font nullfont!
Missing character: There is no – in font nullfont!
Missing character: There is no Ω in font nullfont!
Missing character: There is no — in font nullfont!
Missing character: There is no ã in font nullfont!
Missing character: There is no – in font nullfont!
Missing character: There is no º in font nullfont!
Missing character: There is no – in font nullfont!
Missing character: There is no ∞ in font nullfont!
Missing character: There is no – in font nullfont!
Missing character: There is no ª in font nullfont!
Missing character: There is no – in font nullfont!
Missing character: There is no ≥ in font nullfont!
Missing character: There is no – in font nullfont!
Missing character: There is no æ in font nullfont!
Missing character: There is no — in font nullfont!
Missing character: There is no Ä in font nullfont!
Missing character: There is no – in font nullfont!
Missing character: There is no ∏ in font nullfont!
Missing character: There is no — in font nullfont!
Missing character: There is no Ç in font nullfont!
Missing character: There is no – in font nullfont!
Missing character: There is no º in font nullfont!
Missing character: There is no – in font nullfont!
Missing character: There is no æ in font nullfont!
Missing character: There is no – in font nullfont!
Missing character: There is no º in font nullfont!
Missing character: There is no — in font nullfont!
Missing character: There is no Å in font nullfont!
Missing character: There is no – in font nullfont!
Missing character: There is no æ in font nullfont!
Missing character: There is no — in font nullfont!
Missing character: There is no Ä in font nullfont!
Missing character: There is no — in font nullfont!
Missing character: There is no Ç in font nullfont!
Missing character: There is no – in font nullfont!
Missing character: There is no ∏ in font nullfont!
Missing character: There is no — in font nullfont!
Missing character: There is no Ä in font nullfont!
Missing character: There is no – in font nullfont!
Missing character: There is no æ in font nullfont!
Missing character: There is no – in font nullfont!
Missing character: There is no ≤ in font nullfont!
Missing character: There is no – in font nullfont!
Missing character: There is no ∫ in font nullfont!
Missing character: There is no – in font nullfont!
Missing character: There is no ∏ in font nullfont!
Missing character: There is no – in font nullfont!
Missing character: There is no ∑ in font nullfont!
Missing character: There is no – in font nullfont!
Missing character: There is no ∞ in font nullfont!
Missing character: There is no – in font nullfont!
Missing character: There is no ª in font nullfont!
Missing character: There is no – in font nullfont!
Missing character: There is no ∏ in font nullfont!
Missing character: There is no – in font nullfont!
Missing character: There is no Ω in font nullfont!
Missing character: There is no – in font nullfont!
Missing character: There is no µ in font nullfont!
Missing character: There is no – in font nullfont!
Missing character: There is no π in font nullfont!
Missing character: There is no – in font nullfont!
Missing character: There is no Ω in font nullfont!
Missing character: There is no – in font nullfont!
Missing character: There is no æ in font nullfont!
Missing character: There is no – in font nullfont!
Missing character: There is no µ in font nullfont!
Missing character: There is no – in font nullfont!
Missing character: There is no ≤ in font nullfont!
Missing character: There is no — in font nullfont!
Missing character: There is no Ä in font nullfont!
Missing character: There is no – in font nullfont!
Missing character: There is no µ in font nullfont!
Missing character: There is no – in font nullfont!
Missing character: There is no º in font nullfont!
Missing character: There is no — in font nullfont!
Missing character: There is no è in font nullfont!
Missing character: There is no – in font nullfont!
Missing character: There is no ∏ in font nullfont!
Missing character: There is no – in font nullfont!
Missing character: There is no ≤ in font nullfont!
Missing character: There is no — in font nullfont!
Missing character: There is no ã in font nullfont!
Missing character: There is no – in font nullfont!
Missing character: There is no ≤ in font nullfont!
Missing character: There is no – in font nullfont!
Missing character: There is no æ in font nullfont!
Missing character: There is no – in font nullfont!
Missing character: There is no ¥ in font nullfont!
Missing character: There is no – in font nullfont!
Missing character: There is no æ in font nullfont!
Missing character: There is no — in font nullfont!
Missing character: There is no Ç in font nullfont!
Missing character: There is no — in font nullfont!
Missing character: There is no Å in font nullfont!
Missing character: There is no – in font nullfont!
Missing character: There is no æ in font nullfont!
Missing character: There is no — in font nullfont!
Missing character: There is no Ä in font nullfont!
Missing character: There is no — in font nullfont!
Missing character: There is no Ç in font nullfont!
Missing character: There is no – in font nullfont!
Missing character: There is no ∏ in font nullfont!
Missing character: There is no — in font nullfont!
Missing character: There is no Ä in font nullfont!
Missing character: There is no – in font nullfont!
Missing character: There is no æ in font nullfont!
Missing character: There is no – in font nullfont!
Missing character: There is no ≤ in font nullfont!
Missing character: There is no – in font nullfont!
Missing character: There is no ∞ in font nullfont!
Missing character: There is no – in font nullfont!
Missing character: There is no Ω in font nullfont!
Missing character: There is no – in font nullfont!
Missing character: There is no Ω in font nullfont!
Missing character: There is no – in font nullfont!
Missing character: There is no æ in font nullfont!
Missing character: There is no – in font nullfont!
Missing character: There is no π in font nullfont!
Missing character: There is no – in font nullfont!
Missing character: There is no ø in font nullfont!
Missing character: There is no – in font nullfont!
Missing character: There is no æ in font nullfont!
Missing character: There is no — in font nullfont!
Missing character: There is no Å in font nullfont!
Missing character: There is no – in font nullfont!
Missing character: There is no ª in font nullfont!
Missing character: There is no – in font nullfont!
Missing character: There is no µ in font nullfont!
Missing character: There is no – in font nullfont!
Missing character: There is no ¥ in font nullfont!
Missing character: There is no – in font nullfont!
Missing character: There is no æ in font nullfont!
Missing character: There is no – in font nullfont!
Missing character: There is no ≤ in font nullfont!
Missing character: There is no – in font nullfont!
Missing character: There is no ∞ in font nullfont!
Missing character: There is no — in font nullfont!
Missing character: There is no Ç in font nullfont!
Missing character: There is no – in font nullfont!
Missing character: There is no µ in font nullfont!
Missing character: There is no – in font nullfont!
Missing character: There is no ª in font nullfont!
Missing character: There is no — in font nullfont!
Missing character: There is no å in font nullfont!
Missing character: There is no – in font nullfont!
Missing character: There is no Ω in font nullfont!
Missing character: There is no – in font nullfont!
Missing character: There is no æ in font nullfont!
Missing character: There is no — in font nullfont!
Missing character: There is no Å in font nullfont!
Missing character: There is no — in font nullfont!
Missing character: There is no Ç in font nullfont!
Missing character: There is no – in font nullfont!
Missing character: There is no ∏ in font nullfont!
Missing character: There is no . in font nullfont!

Overfull \hbox (20.0pt too wide) in paragraph at lines 4--6
[]
 []


! LaTeX Error: Missing \begin{document}.

See the LaTeX manual or LaTeX Companion for explanation.
Type  H <return>  for immediate help.
 ...                                              
                                                  
l.7 {\bfseries –
                í–∞—Ä–∏–∞–Ω—Ç —Å–æ—Ä—Ç–∏—Ä–æ–≤–∫–∏:} –ö–∞—Ä–º–∞–Ω–Ω–∞—è —Å–æ...

You're in trouble here.  Try typing  <return>  to proceed.
If that doesn't work, type  X <return>  to quit.

Missing character: There is no – in font cmbx10!
Missing character: There is no í in font cmbx10!
Missing character: There is no – in font cmbx10!
Missing character: There is no ∞ in font cmbx10!
Missing character: There is no — in font cmbx10!
Missing character: There is no Ä in font cmbx10!
Missing character: There is no – in font cmbx10!
Missing character: There is no ∏ in font cmbx10!
Missing character: There is no – in font cmbx10!
Missing character: There is no ∞ in font cmbx10!
Missing character: There is no – in font cmbx10!
Missing character: There is no Ω in font cmbx10!
Missing character: There is no — in font cmbx10!
Missing character: There is no Ç in font cmbx10!
Missing character: There is no — in font cmbx10!
Missing character: There is no Å in font cmbx10!
Missing character: There is no – in font cmbx10!
Missing character: There is no æ in font cmbx10!
Missing character: There is no — in font cmbx10!
Missing character: There is no Ä in font cmbx10!
Missing character: There is no — in font cmbx10!
Missing character: There is no Ç in font cmbx10!
Missing character: There is no – in font cmbx10!
Missing character: There is no ∏ in font cmbx10!
Missing character: There is no — in font cmbx10!
Missing character: There is no Ä in font cmbx10!
Missing character: There is no – in font cmbx10!
Missing character: There is no æ in font cmbx10!
Missing character: There is no – in font cmbx10!
Missing character: There is no ≤ in font cmbx10!
Missing character: There is no – in font cmbx10!
Missing character: There is no ∫ in font cmbx10!
Missing character: There is no – in font cmbx10!
Missing character: There is no ∏ in font cmbx10!
Missing character: There is no – in font nullfont!
Missing character: There is no ö in font nullfont!
Missing character: There is no – in font nullfont!
Missing character: There is no ∞ in font nullfont!
Missing character: There is no — in font nullfont!
Missing character: There is no Ä in font nullfont!
Missing character: There is no – in font nullfont!
Missing character: There is no º in font nullfont!
Missing character: There is no – in font nullfont!
Missing character: There is no ∞ in font nullfont!
Missing character: There is no – in font nullfont!
Missing character: There is no Ω in font nullfont!
Missing character: There is no – in font nullfont!
Missing character: There is no Ω in font nullfont!
Missing character: There is no – in font nullfont!
Missing character: There is no ∞ in font nullfont!
Missing character: There is no — in font nullfont!
Missing character: There is no è in font nullfont!
Missing character: There is no — in font nullfont!
Missing character: There is no Å in font nullfont!
Missing character: There is no – in font nullfont!
Missing character: There is no æ in font nullfont!
Missing character: There is no — in font nullfont!
Missing character: There is no Ä in font nullfont!
Missing character: There is no — in font nullfont!
Missing character: There is no Ç in font nullfont!
Missing character: There is no – in font nullfont!
Missing character: There is no ∏ in font nullfont!
Missing character: There is no — in font nullfont!
Missing character: There is no Ä in font nullfont!
Missing character: There is no – in font nullfont!
Missing character: There is no æ in font nullfont!
Missing character: There is no – in font nullfont!
Missing character: There is no ≤ in font nullfont!
Missing character: There is no – in font nullfont!
Missing character: There is no ∫ in font nullfont!
Missing character: There is no – in font nullfont!
Missing character: There is no ∞ in font nullfont!
Missing character: There is no . in font nullfont!

Overfull \hbox (20.0pt too wide) in paragraph at lines 7--8
[]
 []


Overfull \hbox (3.19443pt too wide) in paragraph at lines 7--8
\OT1/cmr/bx/n/10 :
 []


! LaTeX Error: Missing \begin{document}.

See the LaTeX manual or LaTeX Companion for explanation.
Type  H <return>  for immediate help.
 ...                                              
                                                  
l.9 {\bfseries –
                í–∞—Ä–∏–∞–Ω—Ç –∫–ª—é—á–∞:} { \normalfont\ttfamily –ß–∏—Å–ª–∞...

You're in trouble here.  Try typing  <return>  to proceed.
If that doesn't work, type  X <return>  to quit.

Missing character: There is no – in font cmbx10!
Missing character: There is no í in font cmbx10!
Missing character: There is no – in font cmbx10!
Missing character: There is no ∞ in font cmbx10!
Missing character: There is no — in font cmbx10!
Missing character: There is no Ä in font cmbx10!
Missing character: There is no – in font cmbx10!
Missing character: There is no ∏ in font cmbx10!
Missing character: There is no – in font cmbx10!
Missing character: There is no ∞ in font cmbx10!
Missing character: There is no – in font cmbx10!
Missing character: There is no Ω in font cmbx10!
Missing character: There is no — in font cmbx10!
Missing character: There is no Ç in font cmbx10!
Missing character: There is no – in font cmbx10!
Missing character: There is no ∫ in font cmbx10!
Missing character: There is no – in font cmbx10!
Missing character: There is no ª in font cmbx10!
Missing character: There is no — in font cmbx10!
Missing character: There is no é in font cmbx10!
Missing character: There is no — in font cmbx10!
Missing character: There is no á in font cmbx10!
Missing character: There is no – in font cmbx10!
Missing character: There is no ∞ in font cmbx10!
Missing character: There is no – in font cmtt10!
Missing character: There is no ß in font cmtt10!
Missing character: There is no – in font cmtt10!
Missing character: There is no ∏ in font cmtt10!
Missing character: There is no — in font cmtt10!
Missing character: There is no Å in font cmtt10!
Missing character: There is no – in font cmtt10!
Missing character: There is no ª in font cmtt10!
Missing character: There is no – in font cmtt10!
Missing character: There is no ∞ in font cmtt10!
Missing character: There is no – in font cmtt10!
Missing character: There is no æ in font cmtt10!
Missing character: There is no — in font cmtt10!
Missing character: There is no Ç in font cmtt10!
Missing character: There is no – in font cmtt10!
Missing character: There is no ¥ in font cmtt10!
Missing character: There is no – in font cmtt10!
Missing character: There is no æ in font cmtt10!

Overfull \hbox (20.0pt too wide) in paragraph at lines 9--9
[]
 []


Overfull \hbox (3.19443pt too wide) in paragraph at lines 9--9
\OT1/cmr/bx/n/10 :
 []


Overfull \hbox (5.24995pt too wide) in paragraph at lines 9--9
\OT1/cmtt/m/n/10 0
 []

LaTeX Font Info:    External font `cmex10' loaded for size
(Font)              <7> on input line 9.
LaTeX Font Info:    External font `cmex10' loaded for size
(Font)              <5> on input line 9.

Overfull \hbox (35.29178pt too wide) detected at line 9
\OT1/cmr/m/n/10 2[]64) \OMS/cmsy/m/n/10 ^^@ \OT1/cmr/m/n/10 1
 []


Overfull \hbox (5.24995pt too wide) in paragraph at lines 9--10
\OT1/cmtt/m/n/10 .
 []


! LaTeX Error: Missing \begin{document}.

See the LaTeX manual or LaTeX Companion for explanation.
Type  H <return>  for immediate help.
 ...                                              
                                                  
l.11 {\bfseries –
                 í–∞—Ä–∏–∞–Ω—Ç –∑–Ω–∞—á–µ–Ω–∏—è:} { \normalfont\ttfamily –°—...

You're in trouble here.  Try typing  <return>  to proceed.
If that doesn't work, type  X <return>  to quit.

Missing character: There is no – in font cmbx10!
Missing character: There is no í in font cmbx10!
Missing character: There is no – in font cmbx10!
Missing character: There is no ∞ in font cmbx10!
Missing character: There is no — in font cmbx10!
Missing character: There is no Ä in font cmbx10!
Missing character: There is no – in font cmbx10!
Missing character: There is no ∏ in font cmbx10!
Missing character: There is no – in font cmbx10!
Missing character: There is no ∞ in font cmbx10!
Missing character: There is no – in font cmbx10!
Missing character: There is no Ω in font cmbx10!
Missing character: There is no — in font cmbx10!
Missing character: There is no Ç in font cmbx10!
Missing character: There is no – in font cmbx10!
Missing character: There is no ∑ in font cmbx10!
Missing character: There is no – in font cmbx10!
Missing character: There is no Ω in font cmbx10!
Missing character: There is no – in font cmbx10!
Missing character: There is no ∞ in font cmbx10!
Missing character: There is no — in font cmbx10!
Missing character: There is no á in font cmbx10!
Missing character: There is no – in font cmbx10!
Missing character: There is no µ in font cmbx10!
Missing character: There is no – in font cmbx10!
Missing character: There is no Ω in font cmbx10!
Missing character: There is no – in font cmbx10!
Missing character: There is no ∏ in font cmbx10!
Missing character: There is no — in font cmbx10!
Missing character: There is no è in font cmbx10!
Missing character: There is no – in font cmtt10!
Missing character: There is no ° in font cmtt10!
Missing character: There is no — in font cmtt10!
Missing character: There is no Ç in font cmtt10!
Missing character: There is no — in font cmtt10!
Missing character: There is no Ä in font cmtt10!
Missing character: There is no – in font cmtt10!
Missing character: There is no æ in font cmtt10!
Missing character: There is no – in font cmtt10!
Missing character: There is no ∫ in font cmtt10!
Missing character: There is no – in font cmtt10!
Missing character: There is no ∏ in font cmtt10!
Missing character: There is no — in font cmtt10!
Missing character: There is no Ñ in font cmtt10!
Missing character: There is no – in font cmtt10!
Missing character: There is no ∏ in font cmtt10!
Missing character: There is no – in font cmtt10!
Missing character: There is no ∫ in font cmtt10!
Missing character: There is no — in font cmtt10!
Missing character: There is no Å in font cmtt10!
Missing character: There is no – in font cmtt10!
Missing character: There is no ∏ in font cmtt10!
Missing character: There is no — in font cmtt10!
Missing character: There is no Ä in font cmtt10!
Missing character: There is no – in font cmtt10!
Missing character: There is no æ in font cmtt10!
Missing character: There is no – in font cmtt10!
Missing character: There is no ≤ in font cmtt10!
Missing character: There is no – in font cmtt10!
Missing character: There is no ∞ in font cmtt10!
Missing character: There is no – in font cmtt10!
Missing character: There is no Ω in font cmtt10!
Missing character: There is no – in font cmtt10!
Missing character: There is no Ω in font cmtt10!
Missing character: There is no – in font cmtt10!
Missing character: There is no æ in font cmtt10!
Missing character: There is no – in font cmtt10!
Missing character: There is no π in font cmtt10!
Missing character: There is no – in font cmtt10!
Missing character: There is no ¥ in font cmtt10!
Missing character: There is no – in font cmtt10!
Missing character: There is no ª in font cmtt10!
Missing character: There is no – in font cmtt10!
Missing character: There is no ∏ in font cmtt10!
Missing character: There is no – in font cmtt10!
Missing character: There is no Ω in font cmtt10!
Missing character: There is no — in font cmtt10!
Missing character: There is no ã in font cmtt10!
Missing character: There is no — in font cmtt10!
Missing character: There is no Å in font cmtt10!
Missing character: There is no – in font cmtt10!
Missing character: There is no ∏ in font cmtt10!
Missing character: There is no – in font cmtt10!
Missing character: There is no º in font cmtt10!
Missing character: There is no – in font cmtt10!
Missing character: There is no ≤ in font cmtt10!
Missing character: There is no – in font cmtt10!
Missing character: There is no æ in font cmtt10!
Missing character: There is no – in font cmtt10!
Missing character: There is no ª in font cmtt10!
Missing character: There is no – in font cmtt10!
Missing character: There is no ∞ in font cmtt10!
Missing character: There is no – in font cmtt10!
Missing character: There is no ≤ in font cmtt10!
Missing character: There is no – in font cmtt10!
Missing character: There is no æ in font cmtt10!
Missing character: There is no – in font cmtt10!
Missing character: There is no ≤ in font cmtt10!
Missing character: There is no — in font cmtt10!
Missing character: There is no Ö in font cmtt10!
Missing character: There is no – in font cmtt10!
Missing character: There is no æ in font cmtt10!
Missing character: There is no – in font cmtt10!
Missing character: There is no ¥ in font cmtt10!
Missing character: There is no – in font cmtt10!
Missing character: There is no Ω in font cmtt10!
Missing character: There is no — in font cmtt10!
Missing character: There is no ã in font cmtt10!
Missing character: There is no — in font cmtt10!
Missing character: There is no Ö in font cmtt10!
Missing character: There is no – in font cmtt10!
Missing character: There is no ¥ in font cmtt10!
Missing character: There is no – in font cmtt10!
Missing character: There is no ∞ in font cmtt10!
Missing character: There is no – in font cmtt10!
Missing character: There is no Ω in font cmtt10!
Missing character: There is no – in font cmtt10!
Missing character: There is no Ω in font cmtt10!
Missing character: There is no — in font cmtt10!
Missing character: There is no ã in font cmtt10!
Missing character: There is no — in font cmtt10!
Missing character: There is no Ö in font cmtt10!
Missing character: There is no – in font cmtt10!
Missing character: There is no º in font cmtt10!
Missing character: There is no – in font cmtt10!
Missing character: There is no æ in font cmtt10!
Missing character: There is no – in font cmtt10!
Missing character: There is no ≥ in font cmtt10!
Missing character: There is no — in font cmtt10!
Missing character: There is no É in font cmtt10!
Missing character: There is no — in font cmtt10!
Missing character: There is no Ç in font cmtt10!
Missing character: There is no – in font cmtt10!
Missing character: There is no ≤ in font cmtt10!
Missing character: There is no — in font cmtt10!
Missing character: There is no Å in font cmtt10!
Missing character: There is no — in font cmtt10!
Missing character: There is no Ç in font cmtt10!
Missing character: There is no — in font cmtt10!
Missing character: There is no Ä in font cmtt10!
Missing character: There is no – in font cmtt10!
Missing character: There is no µ in font cmtt10!
Missing character: There is no — in font cmtt10!
Missing character: There is no Ç in font cmtt10!
Missing character: There is no – in font cmtt10!
Missing character: There is no ∏ in font cmtt10!
Missing character: There is no — in font cmtt10!
Missing character: There is no Ç in font cmtt10!
Missing character: There is no — in font cmtt10!
Missing character: There is no å in font cmtt10!
Missing character: There is no — in font cmtt10!
Missing character: There is no Å in font cmtt10!
Missing character: There is no — in font cmtt10!
Missing character: There is no è in font cmtt10!
Missing character: There is no — in font cmtt10!
Missing character: There is no Å in font cmtt10!
Missing character: There is no — in font cmtt10!
Missing character: There is no Ç in font cmtt10!
Missing character: There is no — in font cmtt10!
Missing character: There is no Ä in font cmtt10!
Missing character: There is no – in font cmtt10!
Missing character: There is no æ in font cmtt10!
Missing character: There is no – in font cmtt10!
Missing character: There is no ∫ in font cmtt10!
Missing character: There is no – in font cmtt10!
Missing character: There is no ∏ in font cmtt10!
Missing character: There is no – in font cmtt10!
Missing character: There is no º in font cmtt10!
Missing character: There is no – in font cmtt10!
Missing character: There is no µ in font cmtt10!
Missing character: There is no – in font cmtt10!
Missing character: There is no Ω in font cmtt10!
Missing character: There is no — in font cmtt10!
Missing character: There is no å in font cmtt10!
Missing character: There is no — in font cmtt10!
Missing character: There is no à in font cmtt10!
Missing character: There is no – in font cmtt10!
Missing character: There is no µ in font cmtt10!
Missing character: There is no – in font cmtt10!
Missing character: There is no π in font cmtt10!
Missing character: There is no – in font cmtt10!
Missing character: There is no ¥ in font cmtt10!
Missing character: There is no – in font cmtt10!
Missing character: There is no ª in font cmtt10!
Missing character: There is no – in font cmtt10!
Missing character: There is no ∏ in font cmtt10!
Missing character: There is no – in font cmtt10!
Missing character: There is no Ω in font cmtt10!
Missing character: There is no — in font cmtt10!
Missing character: There is no ã in font cmtt10!
Missing character: There is no – in font cmtt10!
Missing character: There is no ø in font cmtt10!
Missing character: There is no — in font cmtt10!
Missing character: There is no Ä in font cmtt10!
Missing character: There is no – in font cmtt10!
Missing character: There is no ∏ in font cmtt10!
Missing character: There is no — in font cmtt10!
Missing character: There is no ç in font cmtt10!
Missing character: There is no — in font cmtt10!
Missing character: There is no Ç in font cmtt10!
Missing character: There is no – in font cmtt10!
Missing character: There is no æ in font cmtt10!
Missing character: There is no – in font cmtt10!
Missing character: There is no º in font cmtt10!
Missing character: There is no — in font cmtt10!
Missing character: There is no Å in font cmtt10!
Missing character: There is no — in font cmtt10!
Missing character: There is no Ç in font cmtt10!
Missing character: There is no — in font cmtt10!
Missing character: There is no Ä in font cmtt10!
Missing character: There is no – in font cmtt10!
Missing character: There is no æ in font cmtt10!
Missing character: There is no – in font cmtt10!
Missing character: There is no ∫ in font cmtt10!
Missing character: There is no – in font cmtt10!
Missing character: There is no ∞ in font cmtt10!
Missing character: There is no – in font cmtt10!
Missing character: There is no ¥ in font cmtt10!
Missing character: There is no – in font cmtt10!
Missing character: There is no æ in font cmtt10!
Missing character: There is no – in font cmtt10!
Missing character: There is no ø in font cmtt10!
Missing character: There is no – in font cmtt10!
Missing character: There is no æ in font cmtt10!
Missing character: There is no – in font cmtt10!
Missing character: There is no ª in font cmtt10!
Missing character: There is no – in font cmtt10!
Missing character: There is no Ω in font cmtt10!
Missing character: There is no — in font cmtt10!
Missing character: There is no è in font cmtt10!
Missing character: There is no – in font cmtt10!
Missing character: There is no µ in font cmtt10!
Missing character: There is no — in font cmtt10!
Missing character: There is no Ç in font cmtt10!
Missing character: There is no — in font cmtt10!
Missing character: There is no Å in font cmtt10!
Missing character: There is no — in font cmtt10!
Missing character: There is no è in font cmtt10!
Missing character: There is no – in font cmtt10!
Missing character: There is no ¥ in font cmtt10!
Missing character: There is no – in font cmtt10!
Missing character: There is no æ in font cmtt10!
Missing character: There is no — in font cmtt10!
Missing character: There is no Ö in font cmtt10!
Missing character: There is no – in font cmtt10!
Missing character: There is no Ω in font cmtt10!
Missing character: There is no — in font cmtt10!
Missing character: There is no É in font cmtt10!
Missing character: There is no – in font cmtt10!
Missing character: There is no ª in font cmtt10!
Missing character: There is no – in font cmtt10!
Missing character: There is no µ in font cmtt10!
Missing character: There is no – in font cmtt10!
Missing character: There is no ≤ in font cmtt10!
Missing character: There is no — in font cmtt10!
Missing character: There is no ã in font cmtt10!
Missing character: There is no – in font cmtt10!
Missing character: There is no º in font cmtt10!
Missing character: There is no – in font cmtt10!
Missing character: There is no ∏ in font cmtt10!
Missing character: There is no — in font cmtt10!
Missing character: There is no Å in font cmtt10!
Missing character: There is no – in font cmtt10!
Missing character: There is no ∏ in font cmtt10!
Missing character: There is no – in font cmtt10!
Missing character: There is no º in font cmtt10!
Missing character: There is no – in font cmtt10!
Missing character: There is no ≤ in font cmtt10!
Missing character: There is no – in font cmtt10!
Missing character: There is no æ in font cmtt10!
Missing character: There is no – in font cmtt10!
Missing character: There is no ª in font cmtt10!
Missing character: There is no – in font cmtt10!
Missing character: There is no ∞ in font cmtt10!
Missing character: There is no – in font cmtt10!
Missing character: There is no º in font cmtt10!
Missing character: There is no – in font cmtt10!
Missing character: There is no ∏ in font cmtt10!
Missing character: There is no – in font cmtt10!
Missing character: There is no ∫ in font cmtt10!
Missing character: There is no – in font cmtt10!
Missing character: There is no æ in font cmtt10!
Missing character: There is no — in font cmtt10!
Missing character: There is no Ç in font cmtt10!
Missing character: There is no – in font cmtt10!
Missing character: There is no æ in font cmtt10!
Missing character: There is no — in font cmtt10!
Missing character: There is no Ä in font cmtt10!
Missing character: There is no — in font cmtt10!
Missing character: There is no ã in font cmtt10!
Missing character: There is no – in font cmtt10!
Missing character: There is no µ in font cmtt10!
Missing character: There is no – in font cmtt10!
Missing character: There is no Ω in font cmtt10!
Missing character: There is no – in font cmtt10!
Missing character: There is no µ in font cmtt10!
Missing character: There is no – in font cmtt10!
Missing character: There is no ≤ in font cmtt10!
Missing character: There is no — in font cmtt10!
Missing character: There is no ã in font cmtt10!
Missing character: There is no – in font cmtt10!
Missing character: There is no ≤ in font cmtt10!
Missing character: There is no – in font cmtt10!
Missing character: There is no æ in font cmtt10!
Missing character: There is no – in font cmtt10!
Missing character: There is no ¥ in font cmtt10!
Missing character: There is no — in font cmtt10!
Missing character: There is no è in font cmtt10!
Missing character: There is no — in font cmtt10!
Missing character: There is no Ç in font cmtt10!
Missing character: There is no — in font cmtt10!
Missing character: There is no Å in font cmtt10!
Missing character: There is no — in font cmtt10!
Missing character: There is no è in font cmtt10!
Missing character: There is no – in font cmtt10!
Missing character: There is no Ω in font cmtt10!
Missing character: There is no – in font cmtt10!
Missing character: There is no ∞ in font cmtt10!
Missing character: There is no — in font cmtt10!
Missing character: There is no ç in font cmtt10!
Missing character: There is no – in font cmtt10!
Missing character: There is no ∫ in font cmtt10!
Missing character: There is no — in font cmtt10!
Missing character: There is no Ä in font cmtt10!
Missing character: There is no – in font cmtt10!
Missing character: There is no ∞ in font cmtt10!
Missing character: There is no – in font cmtt10!
Missing character: There is no Ω in font cmtt10!
)
! Emergency stop.
<*> problem.tex
               
*** (job aborted, no legal \end found)

 
Here is how much of TeX's memory you used:
 12 strings out of 494910
 208 string characters out of 6179836
 45442 words of memory out of 5000000
 3402 multiletter control sequences out of 15000+600000
 4116 words of font info for 16 fonts, out of 8000000 for 9000
 36 hyphenation exceptions out of 8191
 17i,1n,14p,281b,106s stack positions out of 5000i,500n,10000p,200000b,80000s
!  ==> Fatal error occurred, no output PDF file produced!
